09:10:55.834 [qtp667026744-19] WARN  org.dozer.config.GlobalSettings - Dozer configuration file not found: dozer.properties.  Using defaults for all Dozer global properties.
11:26:58.671 [qtp667026744-23] ERROR 500.jsp - com.eri.ict.rest.dto.ProjectDTO cannot be cast to com.eri.ict.rest.dto.ProjectDTO
java.lang.ClassCastException: com.eri.ict.rest.dto.ProjectDTO cannot be cast to com.eri.ict.rest.dto.ProjectDTO
	at com.eri.ict.rest.ProjectRestController.top3(ProjectRestController.java:85) ~[classes/:na]
	at sun.reflect.NativeMethodAccessorImpl.invoke0(Native Method) ~[na:1.8.0_51]
	at sun.reflect.NativeMethodAccessorImpl.invoke(NativeMethodAccessorImpl.java:62) ~[na:1.8.0_51]
	at sun.reflect.DelegatingMethodAccessorImpl.invoke(DelegatingMethodAccessorImpl.java:43) ~[na:1.8.0_51]
	at java.lang.reflect.Method.invoke(Method.java:497) ~[na:1.8.0_51]
	at org.springframework.web.method.support.InvocableHandlerMethod.invoke(InvocableHandlerMethod.java:215) ~[spring-web-4.0.5.RELEASE.jar:4.0.5.RELEASE]
	at org.springframework.web.method.support.InvocableHandlerMethod.invokeForRequest(InvocableHandlerMethod.java:132) ~[spring-web-4.0.5.RELEASE.jar:4.0.5.RELEASE]
	at org.springframework.web.servlet.mvc.method.annotation.ServletInvocableHandlerMethod.invokeAndHandle(ServletInvocableHandlerMethod.java:104) ~[spring-webmvc-4.0.5.RELEASE.jar:4.0.5.RELEASE]
	at org.springframework.web.servlet.mvc.method.annotation.RequestMappingHandlerAdapter.invokeHandleMethod(RequestMappingHandlerAdapter.java:749) ~[spring-webmvc-4.0.5.RELEASE.jar:4.0.5.RELEASE]
	at org.springframework.web.servlet.mvc.method.annotation.RequestMappingHandlerAdapter.handleInternal(RequestMappingHandlerAdapter.java:689) ~[spring-webmvc-4.0.5.RELEASE.jar:4.0.5.RELEASE]
	at org.springframework.web.servlet.mvc.method.AbstractHandlerMethodAdapter.handle(AbstractHandlerMethodAdapter.java:83) ~[spring-webmvc-4.0.5.RELEASE.jar:4.0.5.RELEASE]
	at org.springframework.web.servlet.DispatcherServlet.doDispatch(DispatcherServlet.java:938) [spring-webmvc-4.0.5.RELEASE.jar:4.0.5.RELEASE]
	at org.springframework.web.servlet.DispatcherServlet.doService(DispatcherServlet.java:870) [spring-webmvc-4.0.5.RELEASE.jar:4.0.5.RELEASE]
	at org.springframework.web.servlet.FrameworkServlet.processRequest(FrameworkServlet.java:961) [spring-webmvc-4.0.5.RELEASE.jar:4.0.5.RELEASE]
	at org.springframework.web.servlet.FrameworkServlet.doGet(FrameworkServlet.java:852) [spring-webmvc-4.0.5.RELEASE.jar:4.0.5.RELEASE]
	at javax.servlet.http.HttpServlet.service(HttpServlet.java:668) [javax.servlet-api-3.0.1.jar:3.0.1]
	at org.springframework.web.servlet.FrameworkServlet.service(FrameworkServlet.java:837) [spring-webmvc-4.0.5.RELEASE.jar:4.0.5.RELEASE]
	at javax.servlet.http.HttpServlet.service(HttpServlet.java:770) [javax.servlet-api-3.0.1.jar:3.0.1]
	at org.eclipse.jetty.servlet.ServletHolder.handle(ServletHolder.java:652) [jetty-webapp-7.6.15.v20140411.jar:7.6.15.v20140411]
	at org.eclipse.jetty.servlet.ServletHandler$CachedChain.doFilter(ServletHandler.java:1317) [jetty-webapp-7.6.15.v20140411.jar:7.6.15.v20140411]
	at com.opensymphony.sitemesh.webapp.SiteMeshFilter.doFilter(SiteMeshFilter.java:65) [sitemesh-2.4.2.jar:na]
	at org.eclipse.jetty.servlet.ServletHandler$CachedChain.doFilter(ServletHandler.java:1288) [jetty-webapp-7.6.15.v20140411.jar:7.6.15.v20140411]
	at org.apache.shiro.web.servlet.AbstractShiroFilter.executeChain(AbstractShiroFilter.java:449) [shiro-web-1.2.3.jar:1.2.3]
	at org.apache.shiro.web.servlet.AbstractShiroFilter$1.call(AbstractShiroFilter.java:365) [shiro-web-1.2.3.jar:1.2.3]
	at org.apache.shiro.subject.support.SubjectCallable.doCall(SubjectCallable.java:90) [shiro-core-1.2.3.jar:1.2.3]
	at org.apache.shiro.subject.support.SubjectCallable.call(SubjectCallable.java:83) [shiro-core-1.2.3.jar:1.2.3]
	at org.apache.shiro.subject.support.DelegatingSubject.execute(DelegatingSubject.java:383) [shiro-core-1.2.3.jar:1.2.3]
	at org.apache.shiro.web.servlet.AbstractShiroFilter.doFilterInternal(AbstractShiroFilter.java:362) [shiro-web-1.2.3.jar:1.2.3]
	at org.apache.shiro.web.servlet.OncePerRequestFilter.doFilter(OncePerRequestFilter.java:125) [shiro-web-1.2.3.jar:1.2.3]
	at org.springframework.web.filter.DelegatingFilterProxy.invokeDelegate(DelegatingFilterProxy.java:344) [spring-web-4.0.5.RELEASE.jar:4.0.5.RELEASE]
	at org.springframework.web.filter.DelegatingFilterProxy.doFilter(DelegatingFilterProxy.java:261) [spring-web-4.0.5.RELEASE.jar:4.0.5.RELEASE]
	at org.eclipse.jetty.servlet.ServletHandler$CachedChain.doFilter(ServletHandler.java:1288) [jetty-webapp-7.6.15.v20140411.jar:7.6.15.v20140411]
	at org.springframework.orm.jpa.support.OpenEntityManagerInViewFilter.doFilterInternal(OpenEntityManagerInViewFilter.java:177) [spring-orm-4.0.5.RELEASE.jar:4.0.5.RELEASE]
	at org.springframework.web.filter.OncePerRequestFilter.doFilter(OncePerRequestFilter.java:107) [spring-web-4.0.5.RELEASE.jar:4.0.5.RELEASE]
	at org.eclipse.jetty.servlet.ServletHandler$CachedChain.doFilter(ServletHandler.java:1288) [jetty-webapp-7.6.15.v20140411.jar:7.6.15.v20140411]
	at org.springframework.web.filter.CharacterEncodingFilter.doFilterInternal(CharacterEncodingFilter.java:88) [spring-web-4.0.5.RELEASE.jar:4.0.5.RELEASE]
	at org.springframework.web.filter.OncePerRequestFilter.doFilter(OncePerRequestFilter.java:107) [spring-web-4.0.5.RELEASE.jar:4.0.5.RELEASE]
	at org.eclipse.jetty.servlet.ServletHandler$CachedChain.doFilter(ServletHandler.java:1288) [jetty-webapp-7.6.15.v20140411.jar:7.6.15.v20140411]
	at org.eclipse.jetty.servlet.ServletHandler.doHandle(ServletHandler.java:443) [jetty-webapp-7.6.15.v20140411.jar:7.6.15.v20140411]
	at org.eclipse.jetty.server.handler.ScopedHandler.handle(ScopedHandler.java:137) [jetty-webapp-7.6.15.v20140411.jar:7.6.15.v20140411]
	at org.eclipse.jetty.security.SecurityHandler.handle(SecurityHandler.java:556) [jetty-webapp-7.6.15.v20140411.jar:7.6.15.v20140411]
	at org.eclipse.jetty.server.session.SessionHandler.doHandle(SessionHandler.java:227) [jetty-webapp-7.6.15.v20140411.jar:7.6.15.v20140411]
	at org.eclipse.jetty.server.handler.ContextHandler.doHandle(ContextHandler.java:1044) [jetty-webapp-7.6.15.v20140411.jar:7.6.15.v20140411]
	at org.eclipse.jetty.servlet.ServletHandler.doScope(ServletHandler.java:372) [jetty-webapp-7.6.15.v20140411.jar:7.6.15.v20140411]
	at org.eclipse.jetty.server.session.SessionHandler.doScope(SessionHandler.java:189) [jetty-webapp-7.6.15.v20140411.jar:7.6.15.v20140411]
	at org.eclipse.jetty.server.handler.ContextHandler.doScope(ContextHandler.java:978) [jetty-webapp-7.6.15.v20140411.jar:7.6.15.v20140411]
	at org.eclipse.jetty.server.handler.ScopedHandler.handle(ScopedHandler.java:135) [jetty-webapp-7.6.15.v20140411.jar:7.6.15.v20140411]
	at org.eclipse.jetty.server.handler.HandlerWrapper.handle(HandlerWrapper.java:116) [jetty-webapp-7.6.15.v20140411.jar:7.6.15.v20140411]
	at org.eclipse.jetty.server.Server.handle(Server.java:369) [jetty-webapp-7.6.15.v20140411.jar:7.6.15.v20140411]
	at org.eclipse.jetty.server.AbstractHttpConnection.handleRequest(AbstractHttpConnection.java:486) [jetty-webapp-7.6.15.v20140411.jar:7.6.15.v20140411]
	at org.eclipse.jetty.server.AbstractHttpConnection.headerComplete(AbstractHttpConnection.java:933) [jetty-webapp-7.6.15.v20140411.jar:7.6.15.v20140411]
	at org.eclipse.jetty.server.AbstractHttpConnection$RequestHandler.headerComplete(AbstractHttpConnection.java:995) [jetty-webapp-7.6.15.v20140411.jar:7.6.15.v20140411]
	at org.eclipse.jetty.http.HttpParser.parseNext(HttpParser.java:644) [jetty-webapp-7.6.15.v20140411.jar:7.6.15.v20140411]
	at org.eclipse.jetty.http.HttpParser.parseAvailable(HttpParser.java:235) [jetty-webapp-7.6.15.v20140411.jar:7.6.15.v20140411]
	at org.eclipse.jetty.server.AsyncHttpConnection.handle(AsyncHttpConnection.java:82) [jetty-webapp-7.6.15.v20140411.jar:7.6.15.v20140411]
	at org.eclipse.jetty.io.nio.SelectChannelEndPoint.handle(SelectChannelEndPoint.java:667) [jetty-webapp-7.6.15.v20140411.jar:7.6.15.v20140411]
	at org.eclipse.jetty.io.nio.SelectChannelEndPoint$1.run(SelectChannelEndPoint.java:52) [jetty-webapp-7.6.15.v20140411.jar:7.6.15.v20140411]
	at org.eclipse.jetty.util.thread.QueuedThreadPool.runJob(QueuedThreadPool.java:608) [jetty-webapp-7.6.15.v20140411.jar:7.6.15.v20140411]
	at org.eclipse.jetty.util.thread.QueuedThreadPool$3.run(QueuedThreadPool.java:543) [jetty-webapp-7.6.15.v20140411.jar:7.6.15.v20140411]
	at java.lang.Thread.run(Thread.java:745) [na:1.8.0_51]
11:32:42.487 [qtp667026744-21] WARN  org.dozer.config.GlobalSettings - Dozer configuration file not found: dozer.properties.  Using defaults for all Dozer global properties.
