16:23:01.571 [qtp667026744-22] INFO  c.e.ict.service.account.ShiroDbRealm - com.eri.ict.entity.User@6ac91615[loginName=admin,plainPassword=<null>,password=691b14d79bf0fa2215f155235df5e670b64394cc,salt=7efbd59d9741d34f,name=Admin,email=zhuyb@ntu.edu.sg,status=1,phone=98672803,registerDate=2015-09-09 12:23:37.0,team=com.eri.ict.entity.Team@6e541832[name=ICT,master=com.eri.ict.entity.User@6ac91615,userList=[com.eri.ict.entity.User@6ac91615[loginName=admin,plainPassword=<null>,password=691b14d79bf0fa2215f155235df5e670b64394cc,salt=7efbd59d9741d34f,name=Admin,email=zhuyb@ntu.edu.sg,status=1,phone=98672803,registerDate=2015-09-09 12:23:37.0,team=com.eri.ict.entity.Team@6e541832,roleList=[com.eri.ict.entity.Role@2e8280d2[name=admin,permissions=user:view,user:edit,id=1], com.eri.ict.entity.Role@3cf8c58e[name=user,permissions=user:view,id=2]],id=1], com.eri.ict.entity.User@14d3d666[loginName=user,plainPassword=<null>,password=2488aa0c31c624687bd9928e0a5d29e7d1ed520b,salt=6d65d24122c30500,name=rambo,email=user@e.ntu.edu.sg,status=1,phone=98672803,registerDate=2015-09-09 12:23:37.0,team=com.eri.ict.entity.Team@6e541832,roleList=[com.eri.ict.entity.Role@3cf8c58e[name=user,permissions=user:view,id=2]],id=2]],status=1,createDate=2012-06-04 02:00:00.0,id=1],roleList=[com.eri.ict.entity.Role@2e8280d2[name=admin,permissions=user:view,user:edit,id=1], com.eri.ict.entity.Role@3cf8c58e[name=user,permissions=user:view,id=2]],id=1]
16:23:01.610 [qtp667026744-22] INFO  c.e.ict.service.account.ShiroDbRealm - admin
16:23:01.679 [qtp667026744-22] INFO  c.e.ict.service.account.ShiroDbRealm - user:view,user:edit
16:23:01.679 [qtp667026744-22] INFO  c.e.ict.service.account.ShiroDbRealm - user
16:23:01.679 [qtp667026744-22] INFO  c.e.ict.service.account.ShiroDbRealm - user:view
16:28:48.400 [qtp667026744-22] INFO  c.e.ict.service.account.ShiroDbRealm - com.eri.ict.entity.User@4b539528[loginName=admin,plainPassword=<null>,password=691b14d79bf0fa2215f155235df5e670b64394cc,salt=7efbd59d9741d34f,name=Admin,email=zhuyb@ntu.edu.sg,status=1,phone=98672803,registerDate=2015-09-09 12:23:37.0,team=com.eri.ict.entity.Team@78fdd95f[name=ICT,master=com.eri.ict.entity.User@4b539528,userList=[com.eri.ict.entity.User@4b539528[loginName=admin,plainPassword=<null>,password=691b14d79bf0fa2215f155235df5e670b64394cc,salt=7efbd59d9741d34f,name=Admin,email=zhuyb@ntu.edu.sg,status=1,phone=98672803,registerDate=2015-09-09 12:23:37.0,team=com.eri.ict.entity.Team@78fdd95f,roleList=[com.eri.ict.entity.Role@7fe78b3a[name=admin,permissions=user:view,user:edit,id=1], com.eri.ict.entity.Role@49e47f01[name=user,permissions=user:view,id=2]],id=1], com.eri.ict.entity.User@27f2c8a7[loginName=user,plainPassword=<null>,password=2488aa0c31c624687bd9928e0a5d29e7d1ed520b,salt=6d65d24122c30500,name=rambo,email=user@e.ntu.edu.sg,status=1,phone=98672803,registerDate=2015-09-09 12:23:37.0,team=com.eri.ict.entity.Team@78fdd95f,roleList=[com.eri.ict.entity.Role@49e47f01[name=user,permissions=user:view,id=2]],id=2]],status=1,createDate=2012-06-04 02:00:00.0,id=1],roleList=[com.eri.ict.entity.Role@7fe78b3a[name=admin,permissions=user:view,user:edit,id=1], com.eri.ict.entity.Role@49e47f01[name=user,permissions=user:view,id=2]],id=1]
16:28:48.401 [qtp667026744-22] INFO  c.e.ict.service.account.ShiroDbRealm - admin
16:28:48.401 [qtp667026744-22] INFO  c.e.ict.service.account.ShiroDbRealm - user:view,user:edit
16:28:48.401 [qtp667026744-22] INFO  c.e.ict.service.account.ShiroDbRealm - user
16:28:48.401 [qtp667026744-22] INFO  c.e.ict.service.account.ShiroDbRealm - user:view
17:28:31.552 [qtp667026744-25] INFO  c.e.ict.service.account.ShiroDbRealm - com.eri.ict.entity.User@2bdd5310[loginName=admin,plainPassword=<null>,password=691b14d79bf0fa2215f155235df5e670b64394cc,salt=7efbd59d9741d34f,name=Admin,email=zhuyb@ntu.edu.sg,status=1,phone=98672803,registerDate=2015-09-09 12:23:37.0,team=com.eri.ict.entity.Team@ffd0c7b[name=ICT,master=com.eri.ict.entity.User@2bdd5310,userList=[com.eri.ict.entity.User@2bdd5310[loginName=admin,plainPassword=<null>,password=691b14d79bf0fa2215f155235df5e670b64394cc,salt=7efbd59d9741d34f,name=Admin,email=zhuyb@ntu.edu.sg,status=1,phone=98672803,registerDate=2015-09-09 12:23:37.0,team=com.eri.ict.entity.Team@ffd0c7b,roleList=[com.eri.ict.entity.Role@2dba1732[name=admin,permissions=user:view,user:edit,id=1], com.eri.ict.entity.Role@36f92238[name=user,permissions=user:view,id=2]],id=1], com.eri.ict.entity.User@79cce1[loginName=user,plainPassword=<null>,password=2488aa0c31c624687bd9928e0a5d29e7d1ed520b,salt=6d65d24122c30500,name=rambo,email=user@e.ntu.edu.sg,status=1,phone=98672803,registerDate=2015-09-09 12:23:37.0,team=com.eri.ict.entity.Team@ffd0c7b,roleList=[com.eri.ict.entity.Role@36f92238[name=user,permissions=user:view,id=2]],id=2]],status=1,createDate=2012-06-04 02:00:00.0,id=1],roleList=[com.eri.ict.entity.Role@2dba1732[name=admin,permissions=user:view,user:edit,id=1], com.eri.ict.entity.Role@36f92238[name=user,permissions=user:view,id=2]],id=1]
17:28:31.586 [qtp667026744-25] INFO  c.e.ict.service.account.ShiroDbRealm - admin
17:28:31.586 [qtp667026744-25] INFO  c.e.ict.service.account.ShiroDbRealm - user:view,user:edit
17:28:31.586 [qtp667026744-25] INFO  c.e.ict.service.account.ShiroDbRealm - user
17:28:31.586 [qtp667026744-25] INFO  c.e.ict.service.account.ShiroDbRealm - user:view
17:32:44.846 [qtp667026744-23] INFO  c.e.ict.service.account.ShiroDbRealm - com.eri.ict.entity.User@5bfe83b7[loginName=admin,plainPassword=<null>,password=691b14d79bf0fa2215f155235df5e670b64394cc,salt=7efbd59d9741d34f,name=Admin,email=zhuyb@ntu.edu.sg,status=1,phone=98672803,registerDate=2015-09-09 12:23:37.0,team=com.eri.ict.entity.Team@6866a51[name=ICT,master=com.eri.ict.entity.User@5bfe83b7,userList=[com.eri.ict.entity.User@5bfe83b7[loginName=admin,plainPassword=<null>,password=691b14d79bf0fa2215f155235df5e670b64394cc,salt=7efbd59d9741d34f,name=Admin,email=zhuyb@ntu.edu.sg,status=1,phone=98672803,registerDate=2015-09-09 12:23:37.0,team=com.eri.ict.entity.Team@6866a51,roleList=[com.eri.ict.entity.Role@3a52e765[name=admin,permissions=user:view,user:edit,id=1], com.eri.ict.entity.Role@a2fa3d0[name=user,permissions=user:view,id=2]],id=1], com.eri.ict.entity.User@68f40e91[loginName=user,plainPassword=<null>,password=2488aa0c31c624687bd9928e0a5d29e7d1ed520b,salt=6d65d24122c30500,name=rambo,email=user@e.ntu.edu.sg,status=1,phone=98672803,registerDate=2015-09-09 12:23:37.0,team=com.eri.ict.entity.Team@6866a51,roleList=[com.eri.ict.entity.Role@a2fa3d0[name=user,permissions=user:view,id=2]],id=2]],status=1,createDate=2012-06-04 02:00:00.0,id=1],roleList=[com.eri.ict.entity.Role@3a52e765[name=admin,permissions=user:view,user:edit,id=1], com.eri.ict.entity.Role@a2fa3d0[name=user,permissions=user:view,id=2]],id=1]
17:32:44.846 [qtp667026744-23] INFO  c.e.ict.service.account.ShiroDbRealm - admin
17:32:44.846 [qtp667026744-23] INFO  c.e.ict.service.account.ShiroDbRealm - user:view,user:edit
17:32:44.846 [qtp667026744-23] INFO  c.e.ict.service.account.ShiroDbRealm - user
17:32:44.846 [qtp667026744-23] INFO  c.e.ict.service.account.ShiroDbRealm - user:view
22:28:03.299 [main] WARN  o.e.j.u.component.AbstractLifeCycle - FAILED SelectChannelConnector@0.0.0.0:8080: java.net.BindException: Address already in use: bind
java.net.BindException: Address already in use: bind
	at sun.nio.ch.Net.bind0(Native Method) ~[na:1.8.0_51]
	at sun.nio.ch.Net.bind(Net.java:437) ~[na:1.8.0_51]
	at sun.nio.ch.Net.bind(Net.java:429) ~[na:1.8.0_51]
	at sun.nio.ch.ServerSocketChannelImpl.bind(ServerSocketChannelImpl.java:223) ~[na:1.8.0_51]
	at sun.nio.ch.ServerSocketAdaptor.bind(ServerSocketAdaptor.java:74) ~[na:1.8.0_51]
	at org.eclipse.jetty.server.nio.SelectChannelConnector.open(SelectChannelConnector.java:187) ~[jetty-webapp-7.6.15.v20140411.jar:7.6.15.v20140411]
	at org.eclipse.jetty.server.AbstractConnector.doStart(AbstractConnector.java:316) ~[jetty-webapp-7.6.15.v20140411.jar:7.6.15.v20140411]
	at org.eclipse.jetty.server.nio.SelectChannelConnector.doStart(SelectChannelConnector.java:265) ~[jetty-webapp-7.6.15.v20140411.jar:7.6.15.v20140411]
	at org.eclipse.jetty.util.component.AbstractLifeCycle.start(AbstractLifeCycle.java:64) [jetty-webapp-7.6.15.v20140411.jar:7.6.15.v20140411]
	at org.eclipse.jetty.server.Server.doStart(Server.java:292) [jetty-webapp-7.6.15.v20140411.jar:7.6.15.v20140411]
	at org.eclipse.jetty.util.component.AbstractLifeCycle.start(AbstractLifeCycle.java:64) [jetty-webapp-7.6.15.v20140411.jar:7.6.15.v20140411]
	at com.eri.ict.QuickStartServer.main(QuickStartServer.java:33) [test-classes/:na]
22:28:03.301 [main] WARN  o.e.j.u.component.AbstractLifeCycle - FAILED org.eclipse.jetty.server.Server@7c7e73c5: java.net.BindException: Address already in use: bind
java.net.BindException: Address already in use: bind
	at sun.nio.ch.Net.bind0(Native Method) ~[na:1.8.0_51]
	at sun.nio.ch.Net.bind(Net.java:437) ~[na:1.8.0_51]
	at sun.nio.ch.Net.bind(Net.java:429) ~[na:1.8.0_51]
	at sun.nio.ch.ServerSocketChannelImpl.bind(ServerSocketChannelImpl.java:223) ~[na:1.8.0_51]
	at sun.nio.ch.ServerSocketAdaptor.bind(ServerSocketAdaptor.java:74) ~[na:1.8.0_51]
	at org.eclipse.jetty.server.nio.SelectChannelConnector.open(SelectChannelConnector.java:187) ~[jetty-webapp-7.6.15.v20140411.jar:7.6.15.v20140411]
	at org.eclipse.jetty.server.AbstractConnector.doStart(AbstractConnector.java:316) ~[jetty-webapp-7.6.15.v20140411.jar:7.6.15.v20140411]
	at org.eclipse.jetty.server.nio.SelectChannelConnector.doStart(SelectChannelConnector.java:265) ~[jetty-webapp-7.6.15.v20140411.jar:7.6.15.v20140411]
	at org.eclipse.jetty.util.component.AbstractLifeCycle.start(AbstractLifeCycle.java:64) ~[jetty-webapp-7.6.15.v20140411.jar:7.6.15.v20140411]
	at org.eclipse.jetty.server.Server.doStart(Server.java:292) ~[jetty-webapp-7.6.15.v20140411.jar:7.6.15.v20140411]
	at org.eclipse.jetty.util.component.AbstractLifeCycle.start(AbstractLifeCycle.java:64) ~[jetty-webapp-7.6.15.v20140411.jar:7.6.15.v20140411]
	at com.eri.ict.QuickStartServer.main(QuickStartServer.java:33) [test-classes/:na]
22:28:16.979 [qtp667026744-23] WARN  o.h.e.jdbc.spi.SqlExceptionHelper - SQL Error: 0, SQLState: 08S01
22:28:17.004 [qtp667026744-23] ERROR o.h.e.jdbc.spi.SqlExceptionHelper - Communications link failure

The last packet successfully received from the server was 17,732,033 milliseconds ago.  The last packet sent successfully to the server was 17,732,036 milliseconds ago.
22:28:17.307 [qtp667026744-23] ERROR o.s.t.i.TransactionInterceptor - Application exception overridden by rollback exception
org.springframework.dao.DataAccessResourceFailureException: could not extract ResultSet; nested exception is org.hibernate.exception.JDBCConnectionException: could not extract ResultSet
	at org.springframework.orm.jpa.vendor.HibernateJpaDialect.convertHibernateAccessException(HibernateJpaDialect.java:168) ~[spring-orm-4.0.5.RELEASE.jar:4.0.5.RELEASE]
	at org.springframework.orm.jpa.vendor.HibernateJpaDialect.translateExceptionIfPossible(HibernateJpaDialect.java:155) ~[spring-orm-4.0.5.RELEASE.jar:4.0.5.RELEASE]
	at org.springframework.orm.jpa.AbstractEntityManagerFactoryBean.translateExceptionIfPossible(AbstractEntityManagerFactoryBean.java:417) ~[spring-orm-4.0.5.RELEASE.jar:4.0.5.RELEASE]
	at org.springframework.dao.support.ChainedPersistenceExceptionTranslator.translateExceptionIfPossible(ChainedPersistenceExceptionTranslator.java:59) ~[spring-tx-4.0.5.RELEASE.jar:4.0.5.RELEASE]
	at org.springframework.dao.support.DataAccessUtils.translateIfNecessary(DataAccessUtils.java:213) ~[spring-tx-4.0.5.RELEASE.jar:4.0.5.RELEASE]
	at org.springframework.dao.support.PersistenceExceptionTranslationInterceptor.invoke(PersistenceExceptionTranslationInterceptor.java:147) ~[spring-tx-4.0.5.RELEASE.jar:4.0.5.RELEASE]
	at org.springframework.aop.framework.ReflectiveMethodInvocation.proceed(ReflectiveMethodInvocation.java:179) [spring-aop-4.0.5.RELEASE.jar:4.0.5.RELEASE]
	at org.springframework.data.jpa.repository.support.CrudMethodMetadataPostProcessor$CrudMethodMetadataPopulatingMethodIntercceptor.invoke(CrudMethodMetadataPostProcessor.java:111) ~[spring-data-jpa-1.6.0.RELEASE.jar:na]
	at org.springframework.aop.framework.ReflectiveMethodInvocation.proceed(ReflectiveMethodInvocation.java:179) [spring-aop-4.0.5.RELEASE.jar:4.0.5.RELEASE]
	at org.springframework.aop.interceptor.ExposeInvocationInterceptor.invoke(ExposeInvocationInterceptor.java:92) ~[spring-aop-4.0.5.RELEASE.jar:4.0.5.RELEASE]
	at org.springframework.aop.framework.ReflectiveMethodInvocation.proceed(ReflectiveMethodInvocation.java:179) [spring-aop-4.0.5.RELEASE.jar:4.0.5.RELEASE]
	at org.springframework.aop.framework.JdkDynamicAopProxy.invoke(JdkDynamicAopProxy.java:207) ~[spring-aop-4.0.5.RELEASE.jar:4.0.5.RELEASE]
	at com.sun.proxy.$Proxy45.findByLoginName(Unknown Source) ~[na:na]
	at com.eri.ict.service.account.AccountService.findUserByLoginName(AccountService.java:68) ~[classes/:na]
	at com.eri.ict.service.account.AccountService$$FastClassBySpringCGLIB$$4c8b65d5.invoke(<generated>) ~[spring-core-4.0.5.RELEASE.jar:na]
	at org.springframework.cglib.proxy.MethodProxy.invoke(MethodProxy.java:204) ~[spring-core-4.0.5.RELEASE.jar:4.0.5.RELEASE]
	at org.springframework.aop.framework.CglibAopProxy$CglibMethodInvocation.invokeJoinpoint(CglibAopProxy.java:708) ~[spring-aop-4.0.5.RELEASE.jar:4.0.5.RELEASE]
	at org.springframework.aop.framework.ReflectiveMethodInvocation.proceed(ReflectiveMethodInvocation.java:157) [spring-aop-4.0.5.RELEASE.jar:4.0.5.RELEASE]
	at org.springframework.transaction.interceptor.TransactionInterceptor$1.proceedWithInvocation(TransactionInterceptor.java:98) ~[spring-tx-4.0.5.RELEASE.jar:4.0.5.RELEASE]
	at org.springframework.transaction.interceptor.TransactionAspectSupport.invokeWithinTransaction(TransactionAspectSupport.java:262) ~[spring-tx-4.0.5.RELEASE.jar:4.0.5.RELEASE]
	at org.springframework.transaction.interceptor.TransactionInterceptor.invoke(TransactionInterceptor.java:95) [spring-tx-4.0.5.RELEASE.jar:4.0.5.RELEASE]
	at org.springframework.aop.framework.ReflectiveMethodInvocation.proceed(ReflectiveMethodInvocation.java:179) [spring-aop-4.0.5.RELEASE.jar:4.0.5.RELEASE]
	at org.springframework.aop.framework.CglibAopProxy$DynamicAdvisedInterceptor.intercept(CglibAopProxy.java:644) [spring-aop-4.0.5.RELEASE.jar:4.0.5.RELEASE]
	at com.eri.ict.service.account.AccountService$$EnhancerBySpringCGLIB$$c92ba5e.findUserByLoginName(<generated>) [spring-core-4.0.5.RELEASE.jar:na]
	at com.eri.ict.service.account.ShiroDbRealm.doGetAuthenticationInfo(ShiroDbRealm.java:45) [classes/:na]
	at org.apache.shiro.realm.AuthenticatingRealm.getAuthenticationInfo(AuthenticatingRealm.java:568) [shiro-core-1.2.3.jar:1.2.3]
	at org.apache.shiro.authc.pam.ModularRealmAuthenticator.doSingleRealmAuthentication(ModularRealmAuthenticator.java:180) [shiro-core-1.2.3.jar:1.2.3]
	at org.apache.shiro.authc.pam.ModularRealmAuthenticator.doAuthenticate(ModularRealmAuthenticator.java:267) [shiro-core-1.2.3.jar:1.2.3]
	at org.apache.shiro.authc.AbstractAuthenticator.authenticate(AbstractAuthenticator.java:198) [shiro-core-1.2.3.jar:1.2.3]
	at org.apache.shiro.mgt.AuthenticatingSecurityManager.authenticate(AuthenticatingSecurityManager.java:106) [shiro-core-1.2.3.jar:1.2.3]
	at org.apache.shiro.mgt.DefaultSecurityManager.login(DefaultSecurityManager.java:270) [shiro-core-1.2.3.jar:1.2.3]
	at org.apache.shiro.subject.support.DelegatingSubject.login(DelegatingSubject.java:256) [shiro-core-1.2.3.jar:1.2.3]
	at org.apache.shiro.web.filter.authc.AuthenticatingFilter.executeLogin(AuthenticatingFilter.java:53) [shiro-web-1.2.3.jar:1.2.3]
	at org.apache.shiro.web.filter.authc.FormAuthenticationFilter.onAccessDenied(FormAuthenticationFilter.java:154) [shiro-web-1.2.3.jar:1.2.3]
	at org.apache.shiro.web.filter.AccessControlFilter.onAccessDenied(AccessControlFilter.java:133) [shiro-web-1.2.3.jar:1.2.3]
	at org.apache.shiro.web.filter.AccessControlFilter.onPreHandle(AccessControlFilter.java:162) [shiro-web-1.2.3.jar:1.2.3]
	at org.apache.shiro.web.filter.PathMatchingFilter.isFilterChainContinued(PathMatchingFilter.java:203) [shiro-web-1.2.3.jar:1.2.3]
	at org.apache.shiro.web.filter.PathMatchingFilter.preHandle(PathMatchingFilter.java:178) [shiro-web-1.2.3.jar:1.2.3]
	at org.apache.shiro.web.servlet.AdviceFilter.doFilterInternal(AdviceFilter.java:131) [shiro-web-1.2.3.jar:1.2.3]
	at org.apache.shiro.web.servlet.OncePerRequestFilter.doFilter(OncePerRequestFilter.java:125) [shiro-web-1.2.3.jar:1.2.3]
	at org.apache.shiro.web.servlet.ProxiedFilterChain.doFilter(ProxiedFilterChain.java:66) [shiro-web-1.2.3.jar:1.2.3]
	at org.apache.shiro.web.servlet.AbstractShiroFilter.executeChain(AbstractShiroFilter.java:449) [shiro-web-1.2.3.jar:1.2.3]
	at org.apache.shiro.web.servlet.AbstractShiroFilter$1.call(AbstractShiroFilter.java:365) [shiro-web-1.2.3.jar:1.2.3]
	at org.apache.shiro.subject.support.SubjectCallable.doCall(SubjectCallable.java:90) [shiro-core-1.2.3.jar:1.2.3]
	at org.apache.shiro.subject.support.SubjectCallable.call(SubjectCallable.java:83) [shiro-core-1.2.3.jar:1.2.3]
	at org.apache.shiro.subject.support.DelegatingSubject.execute(DelegatingSubject.java:383) [shiro-core-1.2.3.jar:1.2.3]
	at org.apache.shiro.web.servlet.AbstractShiroFilter.doFilterInternal(AbstractShiroFilter.java:362) [shiro-web-1.2.3.jar:1.2.3]
	at org.apache.shiro.web.servlet.OncePerRequestFilter.doFilter(OncePerRequestFilter.java:125) [shiro-web-1.2.3.jar:1.2.3]
	at org.springframework.web.filter.DelegatingFilterProxy.invokeDelegate(DelegatingFilterProxy.java:344) [spring-web-4.0.5.RELEASE.jar:4.0.5.RELEASE]
	at org.springframework.web.filter.DelegatingFilterProxy.doFilter(DelegatingFilterProxy.java:261) [spring-web-4.0.5.RELEASE.jar:4.0.5.RELEASE]
	at org.eclipse.jetty.servlet.ServletHandler$CachedChain.doFilter(ServletHandler.java:1288) [jetty-webapp-7.6.15.v20140411.jar:7.6.15.v20140411]
	at org.springframework.orm.jpa.support.OpenEntityManagerInViewFilter.doFilterInternal(OpenEntityManagerInViewFilter.java:177) [spring-orm-4.0.5.RELEASE.jar:4.0.5.RELEASE]
	at org.springframework.web.filter.OncePerRequestFilter.doFilter(OncePerRequestFilter.java:107) [spring-web-4.0.5.RELEASE.jar:4.0.5.RELEASE]
	at org.eclipse.jetty.servlet.ServletHandler$CachedChain.doFilter(ServletHandler.java:1288) [jetty-webapp-7.6.15.v20140411.jar:7.6.15.v20140411]
	at org.springframework.web.filter.CharacterEncodingFilter.doFilterInternal(CharacterEncodingFilter.java:88) [spring-web-4.0.5.RELEASE.jar:4.0.5.RELEASE]
	at org.springframework.web.filter.OncePerRequestFilter.doFilter(OncePerRequestFilter.java:107) [spring-web-4.0.5.RELEASE.jar:4.0.5.RELEASE]
	at org.eclipse.jetty.servlet.ServletHandler$CachedChain.doFilter(ServletHandler.java:1288) [jetty-webapp-7.6.15.v20140411.jar:7.6.15.v20140411]
	at org.eclipse.jetty.servlet.ServletHandler.doHandle(ServletHandler.java:443) [jetty-webapp-7.6.15.v20140411.jar:7.6.15.v20140411]
	at org.eclipse.jetty.server.handler.ScopedHandler.handle(ScopedHandler.java:137) [jetty-webapp-7.6.15.v20140411.jar:7.6.15.v20140411]
	at org.eclipse.jetty.security.SecurityHandler.handle(SecurityHandler.java:556) [jetty-webapp-7.6.15.v20140411.jar:7.6.15.v20140411]
	at org.eclipse.jetty.server.session.SessionHandler.doHandle(SessionHandler.java:227) [jetty-webapp-7.6.15.v20140411.jar:7.6.15.v20140411]
	at org.eclipse.jetty.server.handler.ContextHandler.doHandle(ContextHandler.java:1044) [jetty-webapp-7.6.15.v20140411.jar:7.6.15.v20140411]
	at org.eclipse.jetty.servlet.ServletHandler.doScope(ServletHandler.java:372) [jetty-webapp-7.6.15.v20140411.jar:7.6.15.v20140411]
	at org.eclipse.jetty.server.session.SessionHandler.doScope(SessionHandler.java:189) [jetty-webapp-7.6.15.v20140411.jar:7.6.15.v20140411]
	at org.eclipse.jetty.server.handler.ContextHandler.doScope(ContextHandler.java:978) [jetty-webapp-7.6.15.v20140411.jar:7.6.15.v20140411]
	at org.eclipse.jetty.server.handler.ScopedHandler.handle(ScopedHandler.java:135) [jetty-webapp-7.6.15.v20140411.jar:7.6.15.v20140411]
	at org.eclipse.jetty.server.handler.HandlerWrapper.handle(HandlerWrapper.java:116) [jetty-webapp-7.6.15.v20140411.jar:7.6.15.v20140411]
	at org.eclipse.jetty.server.Server.handle(Server.java:369) [jetty-webapp-7.6.15.v20140411.jar:7.6.15.v20140411]
	at org.eclipse.jetty.server.AbstractHttpConnection.handleRequest(AbstractHttpConnection.java:486) [jetty-webapp-7.6.15.v20140411.jar:7.6.15.v20140411]
	at org.eclipse.jetty.server.AbstractHttpConnection.content(AbstractHttpConnection.java:944) [jetty-webapp-7.6.15.v20140411.jar:7.6.15.v20140411]
	at org.eclipse.jetty.server.AbstractHttpConnection$RequestHandler.content(AbstractHttpConnection.java:1005) [jetty-webapp-7.6.15.v20140411.jar:7.6.15.v20140411]
	at org.eclipse.jetty.http.HttpParser.parseNext(HttpParser.java:865) [jetty-webapp-7.6.15.v20140411.jar:7.6.15.v20140411]
	at org.eclipse.jetty.http.HttpParser.parseAvailable(HttpParser.java:240) [jetty-webapp-7.6.15.v20140411.jar:7.6.15.v20140411]
	at org.eclipse.jetty.server.AsyncHttpConnection.handle(AsyncHttpConnection.java:82) [jetty-webapp-7.6.15.v20140411.jar:7.6.15.v20140411]
	at org.eclipse.jetty.io.nio.SelectChannelEndPoint.handle(SelectChannelEndPoint.java:667) [jetty-webapp-7.6.15.v20140411.jar:7.6.15.v20140411]
	at org.eclipse.jetty.io.nio.SelectChannelEndPoint$1.run(SelectChannelEndPoint.java:52) [jetty-webapp-7.6.15.v20140411.jar:7.6.15.v20140411]
	at org.eclipse.jetty.util.thread.QueuedThreadPool.runJob(QueuedThreadPool.java:608) [jetty-webapp-7.6.15.v20140411.jar:7.6.15.v20140411]
	at org.eclipse.jetty.util.thread.QueuedThreadPool$3.run(QueuedThreadPool.java:543) [jetty-webapp-7.6.15.v20140411.jar:7.6.15.v20140411]
	at java.lang.Thread.run(Thread.java:745) [na:1.8.0_51]
Caused by: org.hibernate.exception.JDBCConnectionException: could not extract ResultSet
	at org.hibernate.exception.internal.SQLStateConversionDelegate.convert(SQLStateConversionDelegate.java:132) ~[hibernate-core-4.3.5.Final.jar:4.3.5.Final]
	at org.hibernate.exception.internal.StandardSQLExceptionConverter.convert(StandardSQLExceptionConverter.java:49) ~[hibernate-core-4.3.5.Final.jar:4.3.5.Final]
	at org.hibernate.engine.jdbc.spi.SqlExceptionHelper.convert(SqlExceptionHelper.java:126) ~[hibernate-core-4.3.5.Final.jar:4.3.5.Final]
	at org.hibernate.engine.jdbc.spi.SqlExceptionHelper.convert(SqlExceptionHelper.java:112) ~[hibernate-core-4.3.5.Final.jar:4.3.5.Final]
	at org.hibernate.engine.jdbc.internal.ResultSetReturnImpl.extract(ResultSetReturnImpl.java:89) ~[hibernate-core-4.3.5.Final.jar:4.3.5.Final]
	at org.hibernate.loader.Loader.getResultSet(Loader.java:2065) ~[hibernate-core-4.3.5.Final.jar:4.3.5.Final]
	at org.hibernate.loader.Loader.executeQueryStatement(Loader.java:1862) ~[hibernate-core-4.3.5.Final.jar:4.3.5.Final]
	at org.hibernate.loader.Loader.executeQueryStatement(Loader.java:1838) ~[hibernate-core-4.3.5.Final.jar:4.3.5.Final]
	at org.hibernate.loader.Loader.doQuery(Loader.java:909) ~[hibernate-core-4.3.5.Final.jar:4.3.5.Final]
	at org.hibernate.loader.Loader.doQueryAndInitializeNonLazyCollections(Loader.java:354) ~[hibernate-core-4.3.5.Final.jar:4.3.5.Final]
	at org.hibernate.loader.Loader.doList(Loader.java:2553) ~[hibernate-core-4.3.5.Final.jar:4.3.5.Final]
	at org.hibernate.loader.Loader.doList(Loader.java:2539) ~[hibernate-core-4.3.5.Final.jar:4.3.5.Final]
	at org.hibernate.loader.Loader.listIgnoreQueryCache(Loader.java:2369) ~[hibernate-core-4.3.5.Final.jar:4.3.5.Final]
	at org.hibernate.loader.Loader.list(Loader.java:2364) ~[hibernate-core-4.3.5.Final.jar:4.3.5.Final]
	at org.hibernate.loader.hql.QueryLoader.list(QueryLoader.java:496) ~[hibernate-core-4.3.5.Final.jar:4.3.5.Final]
	at org.hibernate.hql.internal.ast.QueryTranslatorImpl.list(QueryTranslatorImpl.java:387) ~[hibernate-core-4.3.5.Final.jar:4.3.5.Final]
	at org.hibernate.engine.query.spi.HQLQueryPlan.performList(HQLQueryPlan.java:231) ~[hibernate-core-4.3.5.Final.jar:4.3.5.Final]
	at org.hibernate.internal.SessionImpl.list(SessionImpl.java:1264) ~[hibernate-core-4.3.5.Final.jar:4.3.5.Final]
	at org.hibernate.internal.QueryImpl.list(QueryImpl.java:103) ~[hibernate-core-4.3.5.Final.jar:4.3.5.Final]
	at org.hibernate.jpa.internal.QueryImpl.list(QueryImpl.java:573) ~[hibernate-entitymanager-4.3.5.Final.jar:4.3.5.Final]
	at org.hibernate.jpa.internal.QueryImpl.getSingleResult(QueryImpl.java:495) ~[hibernate-entitymanager-4.3.5.Final.jar:4.3.5.Final]
	at org.hibernate.jpa.criteria.compile.CriteriaQueryTypeQueryAdapter.getSingleResult(CriteriaQueryTypeQueryAdapter.java:71) ~[hibernate-entitymanager-4.3.5.Final.jar:4.3.5.Final]
	at org.springframework.data.jpa.repository.query.JpaQueryExecution$SingleEntityExecution.doExecute(JpaQueryExecution.java:168) ~[spring-data-jpa-1.6.0.RELEASE.jar:na]
	at org.springframework.data.jpa.repository.query.JpaQueryExecution.execute(JpaQueryExecution.java:59) ~[spring-data-jpa-1.6.0.RELEASE.jar:na]
	at org.springframework.data.jpa.repository.query.AbstractJpaQuery.doExecute(AbstractJpaQuery.java:97) ~[spring-data-jpa-1.6.0.RELEASE.jar:na]
	at org.springframework.data.jpa.repository.query.AbstractJpaQuery.execute(AbstractJpaQuery.java:88) ~[spring-data-jpa-1.6.0.RELEASE.jar:na]
	at org.springframework.data.repository.core.support.RepositoryFactorySupport$QueryExecutorMethodInterceptor.doInvoke(RepositoryFactorySupport.java:384) ~[spring-data-commons-1.8.0.RELEASE.jar:na]
	at org.springframework.data.repository.core.support.RepositoryFactorySupport$QueryExecutorMethodInterceptor.invoke(RepositoryFactorySupport.java:344) ~[spring-data-commons-1.8.0.RELEASE.jar:na]
	at org.springframework.aop.framework.ReflectiveMethodInvocation.proceed(ReflectiveMethodInvocation.java:179) [spring-aop-4.0.5.RELEASE.jar:4.0.5.RELEASE]
	at org.springframework.transaction.interceptor.TransactionInterceptor$1.proceedWithInvocation(TransactionInterceptor.java:98) ~[spring-tx-4.0.5.RELEASE.jar:4.0.5.RELEASE]
	at org.springframework.transaction.interceptor.TransactionAspectSupport.invokeWithinTransaction(TransactionAspectSupport.java:262) ~[spring-tx-4.0.5.RELEASE.jar:4.0.5.RELEASE]
	at org.springframework.transaction.interceptor.TransactionInterceptor.invoke(TransactionInterceptor.java:95) [spring-tx-4.0.5.RELEASE.jar:4.0.5.RELEASE]
	at org.springframework.aop.framework.ReflectiveMethodInvocation.proceed(ReflectiveMethodInvocation.java:179) [spring-aop-4.0.5.RELEASE.jar:4.0.5.RELEASE]
	at org.springframework.dao.support.PersistenceExceptionTranslationInterceptor.invoke(PersistenceExceptionTranslationInterceptor.java:136) ~[spring-tx-4.0.5.RELEASE.jar:4.0.5.RELEASE]
	... 73 common frames omitted
Caused by: com.mysql.jdbc.exceptions.jdbc4.CommunicationsException: Communications link failure

The last packet successfully received from the server was 17,732,033 milliseconds ago.  The last packet sent successfully to the server was 17,732,036 milliseconds ago.
	at sun.reflect.NativeConstructorAccessorImpl.newInstance0(Native Method) ~[na:1.8.0_51]
	at sun.reflect.NativeConstructorAccessorImpl.newInstance(NativeConstructorAccessorImpl.java:62) ~[na:1.8.0_51]
	at sun.reflect.DelegatingConstructorAccessorImpl.newInstance(DelegatingConstructorAccessorImpl.java:45) ~[na:1.8.0_51]
	at java.lang.reflect.Constructor.newInstance(Constructor.java:422) ~[na:1.8.0_51]
	at com.mysql.jdbc.Util.handleNewInstance(Util.java:411) ~[mysql-connector-java-5.1.22.jar:na]
	at com.mysql.jdbc.SQLError.createCommunicationsException(SQLError.java:1117) ~[mysql-connector-java-5.1.22.jar:na]
	at com.mysql.jdbc.MysqlIO.send(MysqlIO.java:3851) ~[mysql-connector-java-5.1.22.jar:na]
	at com.mysql.jdbc.MysqlIO.sendCommand(MysqlIO.java:2471) ~[mysql-connector-java-5.1.22.jar:na]
	at com.mysql.jdbc.MysqlIO.sqlQueryDirect(MysqlIO.java:2651) ~[mysql-connector-java-5.1.22.jar:na]
	at com.mysql.jdbc.ConnectionImpl.execSQL(ConnectionImpl.java:2734) ~[mysql-connector-java-5.1.22.jar:na]
	at com.mysql.jdbc.PreparedStatement.executeInternal(PreparedStatement.java:2155) ~[mysql-connector-java-5.1.22.jar:na]
	at com.mysql.jdbc.PreparedStatement.executeQuery(PreparedStatement.java:2322) ~[mysql-connector-java-5.1.22.jar:na]
	at org.hibernate.engine.jdbc.internal.ResultSetReturnImpl.extract(ResultSetReturnImpl.java:80) ~[hibernate-core-4.3.5.Final.jar:4.3.5.Final]
	... 102 common frames omitted
Caused by: java.net.SocketException: Connection reset by peer: socket write error
	at java.net.SocketOutputStream.socketWrite0(Native Method) ~[na:1.8.0_51]
	at java.net.SocketOutputStream.socketWrite(SocketOutputStream.java:109) ~[na:1.8.0_51]
	at java.net.SocketOutputStream.write(SocketOutputStream.java:153) ~[na:1.8.0_51]
	at java.io.BufferedOutputStream.flushBuffer(BufferedOutputStream.java:82) ~[na:1.8.0_51]
	at java.io.BufferedOutputStream.flush(BufferedOutputStream.java:140) ~[na:1.8.0_51]
	at com.mysql.jdbc.MysqlIO.send(MysqlIO.java:3832) ~[mysql-connector-java-5.1.22.jar:na]
	... 108 common frames omitted
