16:12:50.698 [quartzScheduler_Worker-1] ERROR c.r.erian.service.PmWlgHourService - results is null or wrong number for time Fri May 22 16:00:00 SGT 2015
16:20:00.053 [schedulerFactory_Worker-1] ERROR c.r.common.utils.xml.NMSFileReader - path /C:/Users/User1/git/ict/yuanbo/erian/target/classes/
16:20:00.089 [schedulerFactory_Worker-1] ERROR c.r.common.utils.xml.NMSFileReader - NMS_STD_20150420,2015-04-20
16:40:00.003 [schedulerFactory_Worker-2] ERROR c.r.common.utils.xml.NMSFileReader - path /C:/Users/User1/git/ict/yuanbo/erian/target/classes/
16:40:00.005 [schedulerFactory_Worker-2] ERROR c.r.common.utils.xml.NMSFileReader - NMS_STD_20150420,2015-04-20
17:00:00.002 [schedulerFactory_Worker-3] ERROR c.r.common.utils.xml.NMSFileReader - path /C:/Users/User1/git/ict/yuanbo/erian/target/classes/
17:00:00.003 [schedulerFactory_Worker-3] ERROR c.r.common.utils.xml.NMSFileReader - NMS_STD_20150420,2015-04-20
17:17:50.160 [qtp1112823384-36] ERROR 500.jsp - For input string: " 2"
java.lang.NumberFormatException: For input string: " 2"
	at java.lang.NumberFormatException.forInputString(NumberFormatException.java:65) ~[na:1.7.0_67]
	at java.lang.Integer.parseInt(Integer.java:481) ~[na:1.7.0_67]
	at java.lang.Integer.valueOf(Integer.java:582) ~[na:1.7.0_67]
	at com.rambo.common.utils.ListUtils.stringArrayToInt(ListUtils.java:60) ~[classes/:na]
	at com.rambo.erian.rest.PmWlgRestController.start(PmWlgRestController.java:63) ~[classes/:na]
	at sun.reflect.NativeMethodAccessorImpl.invoke0(Native Method) ~[na:1.7.0_67]
	at sun.reflect.NativeMethodAccessorImpl.invoke(NativeMethodAccessorImpl.java:57) ~[na:1.7.0_67]
	at sun.reflect.DelegatingMethodAccessorImpl.invoke(DelegatingMethodAccessorImpl.java:43) ~[na:1.7.0_67]
	at java.lang.reflect.Method.invoke(Method.java:606) ~[na:1.7.0_67]
	at org.springframework.web.method.support.InvocableHandlerMethod.invoke(InvocableHandlerMethod.java:215) ~[spring-web-4.0.2.RELEASE.jar:4.0.2.RELEASE]
	at org.springframework.web.method.support.InvocableHandlerMethod.invokeForRequest(InvocableHandlerMethod.java:132) ~[spring-web-4.0.2.RELEASE.jar:4.0.2.RELEASE]
	at org.springframework.web.servlet.mvc.method.annotation.ServletInvocableHandlerMethod.invokeAndHandle(ServletInvocableHandlerMethod.java:104) ~[spring-webmvc-4.0.2.RELEASE.jar:4.0.2.RELEASE]
	at org.springframework.web.servlet.mvc.method.annotation.RequestMappingHandlerAdapter.invokeHandleMethod(RequestMappingHandlerAdapter.java:749) ~[spring-webmvc-4.0.2.RELEASE.jar:4.0.2.RELEASE]
	at org.springframework.web.servlet.mvc.method.annotation.RequestMappingHandlerAdapter.handleInternal(RequestMappingHandlerAdapter.java:690) ~[spring-webmvc-4.0.2.RELEASE.jar:4.0.2.RELEASE]
	at org.springframework.web.servlet.mvc.method.AbstractHandlerMethodAdapter.handle(AbstractHandlerMethodAdapter.java:83) ~[spring-webmvc-4.0.2.RELEASE.jar:4.0.2.RELEASE]
	at org.springframework.web.servlet.DispatcherServlet.doDispatch(DispatcherServlet.java:945) [spring-webmvc-4.0.2.RELEASE.jar:4.0.2.RELEASE]
	at org.springframework.web.servlet.DispatcherServlet.doService(DispatcherServlet.java:876) [spring-webmvc-4.0.2.RELEASE.jar:4.0.2.RELEASE]
	at org.springframework.web.servlet.FrameworkServlet.processRequest(FrameworkServlet.java:961) [spring-webmvc-4.0.2.RELEASE.jar:4.0.2.RELEASE]
	at org.springframework.web.servlet.FrameworkServlet.doGet(FrameworkServlet.java:852) [spring-webmvc-4.0.2.RELEASE.jar:4.0.2.RELEASE]
	at javax.servlet.http.HttpServlet.service(HttpServlet.java:668) [javax.servlet-api-3.0.1.jar:3.0.1]
	at org.springframework.web.servlet.FrameworkServlet.service(FrameworkServlet.java:837) [spring-webmvc-4.0.2.RELEASE.jar:4.0.2.RELEASE]
	at javax.servlet.http.HttpServlet.service(HttpServlet.java:770) [javax.servlet-api-3.0.1.jar:3.0.1]
	at org.eclipse.jetty.servlet.ServletHolder.handle(ServletHolder.java:652) [jetty-webapp-7.6.14.v20131031.jar:7.6.14.v20131031]
	at org.eclipse.jetty.servlet.ServletHandler$CachedChain.doFilter(ServletHandler.java:1317) [jetty-webapp-7.6.14.v20131031.jar:7.6.14.v20131031]
	at com.opensymphony.sitemesh.webapp.SiteMeshFilter.doFilter(SiteMeshFilter.java:65) [sitemesh-2.4.2.jar:na]
	at org.eclipse.jetty.servlet.ServletHandler$CachedChain.doFilter(ServletHandler.java:1288) [jetty-webapp-7.6.14.v20131031.jar:7.6.14.v20131031]
	at org.apache.shiro.web.servlet.ProxiedFilterChain.doFilter(ProxiedFilterChain.java:61) [shiro-web-1.2.2.jar:1.2.2]
	at org.apache.shiro.web.servlet.AdviceFilter.executeChain(AdviceFilter.java:108) [shiro-web-1.2.2.jar:1.2.2]
	at org.apache.shiro.web.servlet.AdviceFilter.doFilterInternal(AdviceFilter.java:137) [shiro-web-1.2.2.jar:1.2.2]
	at org.apache.shiro.web.servlet.OncePerRequestFilter.doFilter(OncePerRequestFilter.java:125) [shiro-web-1.2.2.jar:1.2.2]
	at org.apache.shiro.web.servlet.ProxiedFilterChain.doFilter(ProxiedFilterChain.java:66) [shiro-web-1.2.2.jar:1.2.2]
	at org.apache.shiro.web.servlet.AbstractShiroFilter.executeChain(AbstractShiroFilter.java:449) [shiro-web-1.2.2.jar:1.2.2]
	at org.apache.shiro.web.servlet.AbstractShiroFilter$1.call(AbstractShiroFilter.java:365) [shiro-web-1.2.2.jar:1.2.2]
	at org.apache.shiro.subject.support.SubjectCallable.doCall(SubjectCallable.java:90) [shiro-core-1.2.2.jar:1.2.2]
	at org.apache.shiro.subject.support.SubjectCallable.call(SubjectCallable.java:83) [shiro-core-1.2.2.jar:1.2.2]
	at org.apache.shiro.subject.support.DelegatingSubject.execute(DelegatingSubject.java:383) [shiro-core-1.2.2.jar:1.2.2]
	at org.apache.shiro.web.servlet.AbstractShiroFilter.doFilterInternal(AbstractShiroFilter.java:362) [shiro-web-1.2.2.jar:1.2.2]
	at org.apache.shiro.web.servlet.OncePerRequestFilter.doFilter(OncePerRequestFilter.java:125) [shiro-web-1.2.2.jar:1.2.2]
	at org.springframework.web.filter.DelegatingFilterProxy.invokeDelegate(DelegatingFilterProxy.java:344) [spring-web-4.0.2.RELEASE.jar:4.0.2.RELEASE]
	at org.springframework.web.filter.DelegatingFilterProxy.doFilter(DelegatingFilterProxy.java:261) [spring-web-4.0.2.RELEASE.jar:4.0.2.RELEASE]
	at org.eclipse.jetty.servlet.ServletHandler$CachedChain.doFilter(ServletHandler.java:1288) [jetty-webapp-7.6.14.v20131031.jar:7.6.14.v20131031]
	at org.springframework.orm.jpa.support.OpenEntityManagerInViewFilter.doFilterInternal(OpenEntityManagerInViewFilter.java:177) [spring-orm-4.0.2.RELEASE.jar:4.0.2.RELEASE]
	at org.springframework.web.filter.OncePerRequestFilter.doFilter(OncePerRequestFilter.java:108) [spring-web-4.0.2.RELEASE.jar:4.0.2.RELEASE]
	at org.eclipse.jetty.servlet.ServletHandler$CachedChain.doFilter(ServletHandler.java:1288) [jetty-webapp-7.6.14.v20131031.jar:7.6.14.v20131031]
	at org.springframework.web.filter.CharacterEncodingFilter.doFilterInternal(CharacterEncodingFilter.java:88) [spring-web-4.0.2.RELEASE.jar:4.0.2.RELEASE]
	at org.springframework.web.filter.OncePerRequestFilter.doFilter(OncePerRequestFilter.java:108) [spring-web-4.0.2.RELEASE.jar:4.0.2.RELEASE]
	at org.eclipse.jetty.servlet.ServletHandler$CachedChain.doFilter(ServletHandler.java:1288) [jetty-webapp-7.6.14.v20131031.jar:7.6.14.v20131031]
	at org.eclipse.jetty.servlet.ServletHandler.doHandle(ServletHandler.java:443) [jetty-webapp-7.6.14.v20131031.jar:7.6.14.v20131031]
	at org.eclipse.jetty.server.handler.ScopedHandler.handle(ScopedHandler.java:137) [jetty-webapp-7.6.14.v20131031.jar:7.6.14.v20131031]
	at org.eclipse.jetty.security.SecurityHandler.handle(SecurityHandler.java:556) [jetty-webapp-7.6.14.v20131031.jar:7.6.14.v20131031]
	at org.eclipse.jetty.server.session.SessionHandler.doHandle(SessionHandler.java:227) [jetty-webapp-7.6.14.v20131031.jar:7.6.14.v20131031]
	at org.eclipse.jetty.server.handler.ContextHandler.doHandle(ContextHandler.java:1044) [jetty-webapp-7.6.14.v20131031.jar:7.6.14.v20131031]
	at org.eclipse.jetty.servlet.ServletHandler.doScope(ServletHandler.java:372) [jetty-webapp-7.6.14.v20131031.jar:7.6.14.v20131031]
	at org.eclipse.jetty.server.session.SessionHandler.doScope(SessionHandler.java:189) [jetty-webapp-7.6.14.v20131031.jar:7.6.14.v20131031]
	at org.eclipse.jetty.server.handler.ContextHandler.doScope(ContextHandler.java:978) [jetty-webapp-7.6.14.v20131031.jar:7.6.14.v20131031]
	at org.eclipse.jetty.server.handler.ScopedHandler.handle(ScopedHandler.java:135) [jetty-webapp-7.6.14.v20131031.jar:7.6.14.v20131031]
	at org.eclipse.jetty.server.handler.HandlerWrapper.handle(HandlerWrapper.java:116) [jetty-webapp-7.6.14.v20131031.jar:7.6.14.v20131031]
	at org.eclipse.jetty.server.Server.handle(Server.java:369) [jetty-webapp-7.6.14.v20131031.jar:7.6.14.v20131031]
	at org.eclipse.jetty.server.AbstractHttpConnection.handleRequest(AbstractHttpConnection.java:486) [jetty-webapp-7.6.14.v20131031.jar:7.6.14.v20131031]
	at org.eclipse.jetty.server.AbstractHttpConnection.headerComplete(AbstractHttpConnection.java:933) [jetty-webapp-7.6.14.v20131031.jar:7.6.14.v20131031]
	at org.eclipse.jetty.server.AbstractHttpConnection$RequestHandler.headerComplete(AbstractHttpConnection.java:995) [jetty-webapp-7.6.14.v20131031.jar:7.6.14.v20131031]
	at org.eclipse.jetty.http.HttpParser.parseNext(HttpParser.java:644) [jetty-webapp-7.6.14.v20131031.jar:7.6.14.v20131031]
	at org.eclipse.jetty.http.HttpParser.parseAvailable(HttpParser.java:235) [jetty-webapp-7.6.14.v20131031.jar:7.6.14.v20131031]
	at org.eclipse.jetty.server.AsyncHttpConnection.handle(AsyncHttpConnection.java:82) [jetty-webapp-7.6.14.v20131031.jar:7.6.14.v20131031]
	at org.eclipse.jetty.io.nio.SelectChannelEndPoint.handle(SelectChannelEndPoint.java:667) [jetty-webapp-7.6.14.v20131031.jar:7.6.14.v20131031]
	at org.eclipse.jetty.io.nio.SelectChannelEndPoint$1.run(SelectChannelEndPoint.java:52) [jetty-webapp-7.6.14.v20131031.jar:7.6.14.v20131031]
	at org.eclipse.jetty.util.thread.QueuedThreadPool.runJob(QueuedThreadPool.java:608) [jetty-webapp-7.6.14.v20131031.jar:7.6.14.v20131031]
	at org.eclipse.jetty.util.thread.QueuedThreadPool$3.run(QueuedThreadPool.java:543) [jetty-webapp-7.6.14.v20131031.jar:7.6.14.v20131031]
	at java.lang.Thread.run(Thread.java:745) [na:1.7.0_67]
17:18:55.481 [qtp1112823384-41] ERROR 500.jsp - For input string: " 2"
java.lang.NumberFormatException: For input string: " 2"
	at java.lang.NumberFormatException.forInputString(NumberFormatException.java:65) ~[na:1.7.0_67]
	at java.lang.Integer.parseInt(Integer.java:481) ~[na:1.7.0_67]
	at java.lang.Integer.valueOf(Integer.java:582) ~[na:1.7.0_67]
	at com.rambo.common.utils.ListUtils.stringArrayToInt(ListUtils.java:60) ~[classes/:na]
	at com.rambo.erian.rest.PmWlgRestController.start(PmWlgRestController.java:63) ~[classes/:na]
	at sun.reflect.NativeMethodAccessorImpl.invoke0(Native Method) ~[na:1.7.0_67]
	at sun.reflect.NativeMethodAccessorImpl.invoke(NativeMethodAccessorImpl.java:57) ~[na:1.7.0_67]
	at sun.reflect.DelegatingMethodAccessorImpl.invoke(DelegatingMethodAccessorImpl.java:43) ~[na:1.7.0_67]
	at java.lang.reflect.Method.invoke(Method.java:606) ~[na:1.7.0_67]
	at org.springframework.web.method.support.InvocableHandlerMethod.invoke(InvocableHandlerMethod.java:215) ~[spring-web-4.0.2.RELEASE.jar:4.0.2.RELEASE]
	at org.springframework.web.method.support.InvocableHandlerMethod.invokeForRequest(InvocableHandlerMethod.java:132) ~[spring-web-4.0.2.RELEASE.jar:4.0.2.RELEASE]
	at org.springframework.web.servlet.mvc.method.annotation.ServletInvocableHandlerMethod.invokeAndHandle(ServletInvocableHandlerMethod.java:104) ~[spring-webmvc-4.0.2.RELEASE.jar:4.0.2.RELEASE]
	at org.springframework.web.servlet.mvc.method.annotation.RequestMappingHandlerAdapter.invokeHandleMethod(RequestMappingHandlerAdapter.java:749) ~[spring-webmvc-4.0.2.RELEASE.jar:4.0.2.RELEASE]
	at org.springframework.web.servlet.mvc.method.annotation.RequestMappingHandlerAdapter.handleInternal(RequestMappingHandlerAdapter.java:690) ~[spring-webmvc-4.0.2.RELEASE.jar:4.0.2.RELEASE]
	at org.springframework.web.servlet.mvc.method.AbstractHandlerMethodAdapter.handle(AbstractHandlerMethodAdapter.java:83) ~[spring-webmvc-4.0.2.RELEASE.jar:4.0.2.RELEASE]
	at org.springframework.web.servlet.DispatcherServlet.doDispatch(DispatcherServlet.java:945) [spring-webmvc-4.0.2.RELEASE.jar:4.0.2.RELEASE]
	at org.springframework.web.servlet.DispatcherServlet.doService(DispatcherServlet.java:876) [spring-webmvc-4.0.2.RELEASE.jar:4.0.2.RELEASE]
	at org.springframework.web.servlet.FrameworkServlet.processRequest(FrameworkServlet.java:961) [spring-webmvc-4.0.2.RELEASE.jar:4.0.2.RELEASE]
	at org.springframework.web.servlet.FrameworkServlet.doGet(FrameworkServlet.java:852) [spring-webmvc-4.0.2.RELEASE.jar:4.0.2.RELEASE]
	at javax.servlet.http.HttpServlet.service(HttpServlet.java:668) [javax.servlet-api-3.0.1.jar:3.0.1]
	at org.springframework.web.servlet.FrameworkServlet.service(FrameworkServlet.java:837) [spring-webmvc-4.0.2.RELEASE.jar:4.0.2.RELEASE]
	at javax.servlet.http.HttpServlet.service(HttpServlet.java:770) [javax.servlet-api-3.0.1.jar:3.0.1]
	at org.eclipse.jetty.servlet.ServletHolder.handle(ServletHolder.java:652) [jetty-webapp-7.6.14.v20131031.jar:7.6.14.v20131031]
	at org.eclipse.jetty.servlet.ServletHandler$CachedChain.doFilter(ServletHandler.java:1317) [jetty-webapp-7.6.14.v20131031.jar:7.6.14.v20131031]
	at com.opensymphony.sitemesh.webapp.SiteMeshFilter.doFilter(SiteMeshFilter.java:65) [sitemesh-2.4.2.jar:na]
	at org.eclipse.jetty.servlet.ServletHandler$CachedChain.doFilter(ServletHandler.java:1288) [jetty-webapp-7.6.14.v20131031.jar:7.6.14.v20131031]
	at org.apache.shiro.web.servlet.ProxiedFilterChain.doFilter(ProxiedFilterChain.java:61) [shiro-web-1.2.2.jar:1.2.2]
	at org.apache.shiro.web.servlet.AdviceFilter.executeChain(AdviceFilter.java:108) [shiro-web-1.2.2.jar:1.2.2]
	at org.apache.shiro.web.servlet.AdviceFilter.doFilterInternal(AdviceFilter.java:137) [shiro-web-1.2.2.jar:1.2.2]
	at org.apache.shiro.web.servlet.OncePerRequestFilter.doFilter(OncePerRequestFilter.java:125) [shiro-web-1.2.2.jar:1.2.2]
	at org.apache.shiro.web.servlet.ProxiedFilterChain.doFilter(ProxiedFilterChain.java:66) [shiro-web-1.2.2.jar:1.2.2]
	at org.apache.shiro.web.servlet.AbstractShiroFilter.executeChain(AbstractShiroFilter.java:449) [shiro-web-1.2.2.jar:1.2.2]
	at org.apache.shiro.web.servlet.AbstractShiroFilter$1.call(AbstractShiroFilter.java:365) [shiro-web-1.2.2.jar:1.2.2]
	at org.apache.shiro.subject.support.SubjectCallable.doCall(SubjectCallable.java:90) [shiro-core-1.2.2.jar:1.2.2]
	at org.apache.shiro.subject.support.SubjectCallable.call(SubjectCallable.java:83) [shiro-core-1.2.2.jar:1.2.2]
	at org.apache.shiro.subject.support.DelegatingSubject.execute(DelegatingSubject.java:383) [shiro-core-1.2.2.jar:1.2.2]
	at org.apache.shiro.web.servlet.AbstractShiroFilter.doFilterInternal(AbstractShiroFilter.java:362) [shiro-web-1.2.2.jar:1.2.2]
	at org.apache.shiro.web.servlet.OncePerRequestFilter.doFilter(OncePerRequestFilter.java:125) [shiro-web-1.2.2.jar:1.2.2]
	at org.springframework.web.filter.DelegatingFilterProxy.invokeDelegate(DelegatingFilterProxy.java:344) [spring-web-4.0.2.RELEASE.jar:4.0.2.RELEASE]
	at org.springframework.web.filter.DelegatingFilterProxy.doFilter(DelegatingFilterProxy.java:261) [spring-web-4.0.2.RELEASE.jar:4.0.2.RELEASE]
	at org.eclipse.jetty.servlet.ServletHandler$CachedChain.doFilter(ServletHandler.java:1288) [jetty-webapp-7.6.14.v20131031.jar:7.6.14.v20131031]
	at org.springframework.orm.jpa.support.OpenEntityManagerInViewFilter.doFilterInternal(OpenEntityManagerInViewFilter.java:177) [spring-orm-4.0.2.RELEASE.jar:4.0.2.RELEASE]
	at org.springframework.web.filter.OncePerRequestFilter.doFilter(OncePerRequestFilter.java:108) [spring-web-4.0.2.RELEASE.jar:4.0.2.RELEASE]
	at org.eclipse.jetty.servlet.ServletHandler$CachedChain.doFilter(ServletHandler.java:1288) [jetty-webapp-7.6.14.v20131031.jar:7.6.14.v20131031]
	at org.springframework.web.filter.CharacterEncodingFilter.doFilterInternal(CharacterEncodingFilter.java:88) [spring-web-4.0.2.RELEASE.jar:4.0.2.RELEASE]
	at org.springframework.web.filter.OncePerRequestFilter.doFilter(OncePerRequestFilter.java:108) [spring-web-4.0.2.RELEASE.jar:4.0.2.RELEASE]
	at org.eclipse.jetty.servlet.ServletHandler$CachedChain.doFilter(ServletHandler.java:1288) [jetty-webapp-7.6.14.v20131031.jar:7.6.14.v20131031]
	at org.eclipse.jetty.servlet.ServletHandler.doHandle(ServletHandler.java:443) [jetty-webapp-7.6.14.v20131031.jar:7.6.14.v20131031]
	at org.eclipse.jetty.server.handler.ScopedHandler.handle(ScopedHandler.java:137) [jetty-webapp-7.6.14.v20131031.jar:7.6.14.v20131031]
	at org.eclipse.jetty.security.SecurityHandler.handle(SecurityHandler.java:556) [jetty-webapp-7.6.14.v20131031.jar:7.6.14.v20131031]
	at org.eclipse.jetty.server.session.SessionHandler.doHandle(SessionHandler.java:227) [jetty-webapp-7.6.14.v20131031.jar:7.6.14.v20131031]
	at org.eclipse.jetty.server.handler.ContextHandler.doHandle(ContextHandler.java:1044) [jetty-webapp-7.6.14.v20131031.jar:7.6.14.v20131031]
	at org.eclipse.jetty.servlet.ServletHandler.doScope(ServletHandler.java:372) [jetty-webapp-7.6.14.v20131031.jar:7.6.14.v20131031]
	at org.eclipse.jetty.server.session.SessionHandler.doScope(SessionHandler.java:189) [jetty-webapp-7.6.14.v20131031.jar:7.6.14.v20131031]
	at org.eclipse.jetty.server.handler.ContextHandler.doScope(ContextHandler.java:978) [jetty-webapp-7.6.14.v20131031.jar:7.6.14.v20131031]
	at org.eclipse.jetty.server.handler.ScopedHandler.handle(ScopedHandler.java:135) [jetty-webapp-7.6.14.v20131031.jar:7.6.14.v20131031]
	at org.eclipse.jetty.server.handler.HandlerWrapper.handle(HandlerWrapper.java:116) [jetty-webapp-7.6.14.v20131031.jar:7.6.14.v20131031]
	at org.eclipse.jetty.server.Server.handle(Server.java:369) [jetty-webapp-7.6.14.v20131031.jar:7.6.14.v20131031]
	at org.eclipse.jetty.server.AbstractHttpConnection.handleRequest(AbstractHttpConnection.java:486) [jetty-webapp-7.6.14.v20131031.jar:7.6.14.v20131031]
	at org.eclipse.jetty.server.AbstractHttpConnection.headerComplete(AbstractHttpConnection.java:933) [jetty-webapp-7.6.14.v20131031.jar:7.6.14.v20131031]
	at org.eclipse.jetty.server.AbstractHttpConnection$RequestHandler.headerComplete(AbstractHttpConnection.java:995) [jetty-webapp-7.6.14.v20131031.jar:7.6.14.v20131031]
	at org.eclipse.jetty.http.HttpParser.parseNext(HttpParser.java:644) [jetty-webapp-7.6.14.v20131031.jar:7.6.14.v20131031]
	at org.eclipse.jetty.http.HttpParser.parseAvailable(HttpParser.java:235) [jetty-webapp-7.6.14.v20131031.jar:7.6.14.v20131031]
	at org.eclipse.jetty.server.AsyncHttpConnection.handle(AsyncHttpConnection.java:82) [jetty-webapp-7.6.14.v20131031.jar:7.6.14.v20131031]
	at org.eclipse.jetty.io.nio.SelectChannelEndPoint.handle(SelectChannelEndPoint.java:667) [jetty-webapp-7.6.14.v20131031.jar:7.6.14.v20131031]
	at org.eclipse.jetty.io.nio.SelectChannelEndPoint$1.run(SelectChannelEndPoint.java:52) [jetty-webapp-7.6.14.v20131031.jar:7.6.14.v20131031]
	at org.eclipse.jetty.util.thread.QueuedThreadPool.runJob(QueuedThreadPool.java:608) [jetty-webapp-7.6.14.v20131031.jar:7.6.14.v20131031]
	at org.eclipse.jetty.util.thread.QueuedThreadPool$3.run(QueuedThreadPool.java:543) [jetty-webapp-7.6.14.v20131031.jar:7.6.14.v20131031]
	at java.lang.Thread.run(Thread.java:745) [na:1.7.0_67]
17:20:00.008 [schedulerFactory_Worker-1] ERROR c.r.common.utils.xml.NMSFileReader - path /C:/Users/User1/git/ict/yuanbo/erian/target/classes/
17:20:00.010 [schedulerFactory_Worker-1] ERROR c.r.common.utils.xml.NMSFileReader - NMS_STD_20150420,2015-04-20
17:22:55.535 [qtp1112823384-39] ERROR 500.jsp - For input string: " 2"
java.lang.NumberFormatException: For input string: " 2"
	at java.lang.NumberFormatException.forInputString(NumberFormatException.java:65) ~[na:1.7.0_67]
	at java.lang.Integer.parseInt(Integer.java:481) ~[na:1.7.0_67]
	at java.lang.Integer.valueOf(Integer.java:582) ~[na:1.7.0_67]
	at com.rambo.common.utils.ListUtils.stringArrayToInt(ListUtils.java:60) ~[classes/:na]
	at com.rambo.erian.rest.PmWlgRestController.start(PmWlgRestController.java:63) ~[classes/:na]
	at sun.reflect.NativeMethodAccessorImpl.invoke0(Native Method) ~[na:1.7.0_67]
	at sun.reflect.NativeMethodAccessorImpl.invoke(NativeMethodAccessorImpl.java:57) ~[na:1.7.0_67]
	at sun.reflect.DelegatingMethodAccessorImpl.invoke(DelegatingMethodAccessorImpl.java:43) ~[na:1.7.0_67]
	at java.lang.reflect.Method.invoke(Method.java:606) ~[na:1.7.0_67]
	at org.springframework.web.method.support.InvocableHandlerMethod.invoke(InvocableHandlerMethod.java:215) ~[spring-web-4.0.2.RELEASE.jar:4.0.2.RELEASE]
	at org.springframework.web.method.support.InvocableHandlerMethod.invokeForRequest(InvocableHandlerMethod.java:132) ~[spring-web-4.0.2.RELEASE.jar:4.0.2.RELEASE]
	at org.springframework.web.servlet.mvc.method.annotation.ServletInvocableHandlerMethod.invokeAndHandle(ServletInvocableHandlerMethod.java:104) ~[spring-webmvc-4.0.2.RELEASE.jar:4.0.2.RELEASE]
	at org.springframework.web.servlet.mvc.method.annotation.RequestMappingHandlerAdapter.invokeHandleMethod(RequestMappingHandlerAdapter.java:749) ~[spring-webmvc-4.0.2.RELEASE.jar:4.0.2.RELEASE]
	at org.springframework.web.servlet.mvc.method.annotation.RequestMappingHandlerAdapter.handleInternal(RequestMappingHandlerAdapter.java:690) ~[spring-webmvc-4.0.2.RELEASE.jar:4.0.2.RELEASE]
	at org.springframework.web.servlet.mvc.method.AbstractHandlerMethodAdapter.handle(AbstractHandlerMethodAdapter.java:83) ~[spring-webmvc-4.0.2.RELEASE.jar:4.0.2.RELEASE]
	at org.springframework.web.servlet.DispatcherServlet.doDispatch(DispatcherServlet.java:945) [spring-webmvc-4.0.2.RELEASE.jar:4.0.2.RELEASE]
	at org.springframework.web.servlet.DispatcherServlet.doService(DispatcherServlet.java:876) [spring-webmvc-4.0.2.RELEASE.jar:4.0.2.RELEASE]
	at org.springframework.web.servlet.FrameworkServlet.processRequest(FrameworkServlet.java:961) [spring-webmvc-4.0.2.RELEASE.jar:4.0.2.RELEASE]
	at org.springframework.web.servlet.FrameworkServlet.doGet(FrameworkServlet.java:852) [spring-webmvc-4.0.2.RELEASE.jar:4.0.2.RELEASE]
	at javax.servlet.http.HttpServlet.service(HttpServlet.java:668) [javax.servlet-api-3.0.1.jar:3.0.1]
	at org.springframework.web.servlet.FrameworkServlet.service(FrameworkServlet.java:837) [spring-webmvc-4.0.2.RELEASE.jar:4.0.2.RELEASE]
	at javax.servlet.http.HttpServlet.service(HttpServlet.java:770) [javax.servlet-api-3.0.1.jar:3.0.1]
	at org.eclipse.jetty.servlet.ServletHolder.handle(ServletHolder.java:652) [jetty-webapp-7.6.14.v20131031.jar:7.6.14.v20131031]
	at org.eclipse.jetty.servlet.ServletHandler$CachedChain.doFilter(ServletHandler.java:1317) [jetty-webapp-7.6.14.v20131031.jar:7.6.14.v20131031]
	at com.opensymphony.sitemesh.webapp.SiteMeshFilter.doFilter(SiteMeshFilter.java:65) [sitemesh-2.4.2.jar:na]
	at org.eclipse.jetty.servlet.ServletHandler$CachedChain.doFilter(ServletHandler.java:1288) [jetty-webapp-7.6.14.v20131031.jar:7.6.14.v20131031]
	at org.apache.shiro.web.servlet.ProxiedFilterChain.doFilter(ProxiedFilterChain.java:61) [shiro-web-1.2.2.jar:1.2.2]
	at org.apache.shiro.web.servlet.AdviceFilter.executeChain(AdviceFilter.java:108) [shiro-web-1.2.2.jar:1.2.2]
	at org.apache.shiro.web.servlet.AdviceFilter.doFilterInternal(AdviceFilter.java:137) [shiro-web-1.2.2.jar:1.2.2]
	at org.apache.shiro.web.servlet.OncePerRequestFilter.doFilter(OncePerRequestFilter.java:125) [shiro-web-1.2.2.jar:1.2.2]
	at org.apache.shiro.web.servlet.ProxiedFilterChain.doFilter(ProxiedFilterChain.java:66) [shiro-web-1.2.2.jar:1.2.2]
	at org.apache.shiro.web.servlet.AbstractShiroFilter.executeChain(AbstractShiroFilter.java:449) [shiro-web-1.2.2.jar:1.2.2]
	at org.apache.shiro.web.servlet.AbstractShiroFilter$1.call(AbstractShiroFilter.java:365) [shiro-web-1.2.2.jar:1.2.2]
	at org.apache.shiro.subject.support.SubjectCallable.doCall(SubjectCallable.java:90) [shiro-core-1.2.2.jar:1.2.2]
	at org.apache.shiro.subject.support.SubjectCallable.call(SubjectCallable.java:83) [shiro-core-1.2.2.jar:1.2.2]
	at org.apache.shiro.subject.support.DelegatingSubject.execute(DelegatingSubject.java:383) [shiro-core-1.2.2.jar:1.2.2]
	at org.apache.shiro.web.servlet.AbstractShiroFilter.doFilterInternal(AbstractShiroFilter.java:362) [shiro-web-1.2.2.jar:1.2.2]
	at org.apache.shiro.web.servlet.OncePerRequestFilter.doFilter(OncePerRequestFilter.java:125) [shiro-web-1.2.2.jar:1.2.2]
	at org.springframework.web.filter.DelegatingFilterProxy.invokeDelegate(DelegatingFilterProxy.java:344) [spring-web-4.0.2.RELEASE.jar:4.0.2.RELEASE]
	at org.springframework.web.filter.DelegatingFilterProxy.doFilter(DelegatingFilterProxy.java:261) [spring-web-4.0.2.RELEASE.jar:4.0.2.RELEASE]
	at org.eclipse.jetty.servlet.ServletHandler$CachedChain.doFilter(ServletHandler.java:1288) [jetty-webapp-7.6.14.v20131031.jar:7.6.14.v20131031]
	at org.springframework.orm.jpa.support.OpenEntityManagerInViewFilter.doFilterInternal(OpenEntityManagerInViewFilter.java:177) [spring-orm-4.0.2.RELEASE.jar:4.0.2.RELEASE]
	at org.springframework.web.filter.OncePerRequestFilter.doFilter(OncePerRequestFilter.java:108) [spring-web-4.0.2.RELEASE.jar:4.0.2.RELEASE]
	at org.eclipse.jetty.servlet.ServletHandler$CachedChain.doFilter(ServletHandler.java:1288) [jetty-webapp-7.6.14.v20131031.jar:7.6.14.v20131031]
	at org.springframework.web.filter.CharacterEncodingFilter.doFilterInternal(CharacterEncodingFilter.java:88) [spring-web-4.0.2.RELEASE.jar:4.0.2.RELEASE]
	at org.springframework.web.filter.OncePerRequestFilter.doFilter(OncePerRequestFilter.java:108) [spring-web-4.0.2.RELEASE.jar:4.0.2.RELEASE]
	at org.eclipse.jetty.servlet.ServletHandler$CachedChain.doFilter(ServletHandler.java:1288) [jetty-webapp-7.6.14.v20131031.jar:7.6.14.v20131031]
	at org.eclipse.jetty.servlet.ServletHandler.doHandle(ServletHandler.java:443) [jetty-webapp-7.6.14.v20131031.jar:7.6.14.v20131031]
	at org.eclipse.jetty.server.handler.ScopedHandler.handle(ScopedHandler.java:137) [jetty-webapp-7.6.14.v20131031.jar:7.6.14.v20131031]
	at org.eclipse.jetty.security.SecurityHandler.handle(SecurityHandler.java:556) [jetty-webapp-7.6.14.v20131031.jar:7.6.14.v20131031]
	at org.eclipse.jetty.server.session.SessionHandler.doHandle(SessionHandler.java:227) [jetty-webapp-7.6.14.v20131031.jar:7.6.14.v20131031]
	at org.eclipse.jetty.server.handler.ContextHandler.doHandle(ContextHandler.java:1044) [jetty-webapp-7.6.14.v20131031.jar:7.6.14.v20131031]
	at org.eclipse.jetty.servlet.ServletHandler.doScope(ServletHandler.java:372) [jetty-webapp-7.6.14.v20131031.jar:7.6.14.v20131031]
	at org.eclipse.jetty.server.session.SessionHandler.doScope(SessionHandler.java:189) [jetty-webapp-7.6.14.v20131031.jar:7.6.14.v20131031]
	at org.eclipse.jetty.server.handler.ContextHandler.doScope(ContextHandler.java:978) [jetty-webapp-7.6.14.v20131031.jar:7.6.14.v20131031]
	at org.eclipse.jetty.server.handler.ScopedHandler.handle(ScopedHandler.java:135) [jetty-webapp-7.6.14.v20131031.jar:7.6.14.v20131031]
	at org.eclipse.jetty.server.handler.HandlerWrapper.handle(HandlerWrapper.java:116) [jetty-webapp-7.6.14.v20131031.jar:7.6.14.v20131031]
	at org.eclipse.jetty.server.Server.handle(Server.java:369) [jetty-webapp-7.6.14.v20131031.jar:7.6.14.v20131031]
	at org.eclipse.jetty.server.AbstractHttpConnection.handleRequest(AbstractHttpConnection.java:486) [jetty-webapp-7.6.14.v20131031.jar:7.6.14.v20131031]
	at org.eclipse.jetty.server.AbstractHttpConnection.headerComplete(AbstractHttpConnection.java:933) [jetty-webapp-7.6.14.v20131031.jar:7.6.14.v20131031]
	at org.eclipse.jetty.server.AbstractHttpConnection$RequestHandler.headerComplete(AbstractHttpConnection.java:995) [jetty-webapp-7.6.14.v20131031.jar:7.6.14.v20131031]
	at org.eclipse.jetty.http.HttpParser.parseNext(HttpParser.java:644) [jetty-webapp-7.6.14.v20131031.jar:7.6.14.v20131031]
	at org.eclipse.jetty.http.HttpParser.parseAvailable(HttpParser.java:235) [jetty-webapp-7.6.14.v20131031.jar:7.6.14.v20131031]
	at org.eclipse.jetty.server.AsyncHttpConnection.handle(AsyncHttpConnection.java:82) [jetty-webapp-7.6.14.v20131031.jar:7.6.14.v20131031]
	at org.eclipse.jetty.io.nio.SelectChannelEndPoint.handle(SelectChannelEndPoint.java:667) [jetty-webapp-7.6.14.v20131031.jar:7.6.14.v20131031]
	at org.eclipse.jetty.io.nio.SelectChannelEndPoint$1.run(SelectChannelEndPoint.java:52) [jetty-webapp-7.6.14.v20131031.jar:7.6.14.v20131031]
	at org.eclipse.jetty.util.thread.QueuedThreadPool.runJob(QueuedThreadPool.java:608) [jetty-webapp-7.6.14.v20131031.jar:7.6.14.v20131031]
	at org.eclipse.jetty.util.thread.QueuedThreadPool$3.run(QueuedThreadPool.java:543) [jetty-webapp-7.6.14.v20131031.jar:7.6.14.v20131031]
	at java.lang.Thread.run(Thread.java:745) [na:1.7.0_67]
